[2019-07-25 15:41:41] INFO  org.springframework.boot.StartupInfoLogger 50 logStarting - Starting App on Chan-PC with PID 8516 (E:\code\MyBlogRepository\miaosha\out\artifacts\miaosha_jar\miaosha.jar started by Chan in E:\code\MyBlogRepository\miaosha\out\artifacts\miaosha_jar)
[2019-07-25 15:41:41] INFO  org.springframework.boot.SpringApplication 646 logStartupProfileInfo - No active profile set, falling back to default profiles: default
[2019-07-25 15:41:43] INFO  org.springframework.data.repository.config.RepositoryConfigurationDelegate 244 multipleStoresDetected - Multiple Spring Data modules found, entering strict repository configuration mode!
[2019-07-25 15:41:43] INFO  org.springframework.data.repository.config.RepositoryConfigurationDelegate 126 registerRepositoriesIn - Bootstrapping Spring Data repositories in DEFAULT mode.
[2019-07-25 15:41:43] INFO  org.springframework.data.repository.config.RepositoryConfigurationDelegate 182 registerRepositoriesIn - Finished Spring Data repository scanning in 28ms. Found 0 repository interfaces.
[2019-07-25 15:41:44] INFO  org.springframework.context.support.PostProcessorRegistrationDelegate$BeanPostProcessorChecker 330 postProcessAfterInitialization - Bean 'org.springframework.transaction.annotation.ProxyTransactionManagementConfiguration' of type [org.springframework.transaction.annotation.ProxyTransactionManagementConfiguration$$EnhancerBySpringCGLIB$$e899d67c] is not eligible for getting processed by all BeanPostProcessors (for example: not eligible for auto-proxying)
[2019-07-25 15:41:44] INFO  org.springframework.context.support.PostProcessorRegistrationDelegate$BeanPostProcessorChecker 330 postProcessAfterInitialization - Bean 'redisConfig' of type [com.yida.redis.config.RedisConfig$$EnhancerBySpringCGLIB$$dfd4f399] is not eligible for getting processed by all BeanPostProcessors (for example: not eligible for auto-proxying)
[2019-07-25 15:41:46] INFO  org.springframework.boot.web.embedded.tomcat.TomcatWebServer 90 initialize - Tomcat initialized with port(s): 8090 (http)
[2019-07-25 15:41:46] INFO  org.apache.juli.logging.DirectJDKLog 173 log - Starting service [Tomcat]
[2019-07-25 15:41:46] INFO  org.apache.juli.logging.DirectJDKLog 173 log - Starting Servlet engine: [Apache Tomcat/9.0.21]
[2019-07-25 15:41:46] INFO  org.apache.juli.logging.DirectJDKLog 173 log - Initializing Spring embedded WebApplicationContext
[2019-07-25 15:41:46] INFO  org.springframework.boot.web.servlet.context.ServletWebServerApplicationContext 283 prepareWebApplicationContext - Root WebApplicationContext: initialization completed in 5541 ms
[2019-07-25 15:41:50] INFO  com.yida.redis.config.RedisConfig 57 cacheManager - ³õÊ¼»¯ -> [CacheManager RedisCacheManager Start]
[2019-07-25 15:41:52] INFO  org.springframework.scheduling.concurrent.ExecutorConfigurationSupport 171 initialize - Initializing ExecutorService 'applicationTaskExecutor'
[2019-07-25 15:41:54] INFO  org.springframework.boot.web.embedded.tomcat.TomcatWebServer 202 start - Tomcat started on port(s): 8090 (http) with context path ''
[2019-07-25 15:41:54] INFO  org.springframework.boot.StartupInfoLogger 59 logStarted - Started App in 14.322 seconds (JVM running for 16.332)
[2019-07-25 15:42:16] INFO  org.apache.juli.logging.DirectJDKLog 173 log - Initializing Spring DispatcherServlet 'dispatcherServlet'
[2019-07-25 15:49:50] INFO  org.springframework.web.servlet.FrameworkServlet 524 initServletBean - Initializing Servlet 'dispatcherServlet'
[2019-07-25 15:49:53] INFO  org.springframework.web.servlet.FrameworkServlet 546 initServletBean - Completed initialization in 3503 ms
[2019-07-25 15:49:54] INFO  com.alibaba.druid.pool.DruidDataSource 889 init - {dataSource-1} inited
